0 silly input [ '../aura-fe' ]
1 silly flags { _: [ 'import' ], pathToRepo: '../aura-fe' }
2 verbose rootPath /Users/watsonmarkson/piBrain/js
3 info version 2.1.0
4 info versioning independent
5 silly isInitialized
6 silly isInitialized true
7 silly existsSync /Users/watsonmarkson/piBrain/js/VERSION
8 silly initialize attempt
9 silly statSync /Users/watsonmarkson/piBrain/aura-fe
10 silly existsSync /Users/watsonmarkson/piBrain/js/packages/aura-fe
11 silly getCurrentSHA
12 verbose getCurrentSHA 854273cfc92cdb6a3699c21039b79ef100c86044
13 error initialize Error: Local repository has un-committed changes
13 error initialize     at ImportCommand.initialize (/Users/watsonmarkson/.config/yarn/global/node_modules/lerna/lib/commands/ImportCommand.js:139:25)
13 error initialize     at ImportCommand._attempt (/Users/watsonmarkson/.config/yarn/global/node_modules/lerna/lib/Command.js:289:21)
13 error initialize     at ImportCommand.runCommand (/Users/watsonmarkson/.config/yarn/global/node_modules/lerna/lib/Command.js:275:12)
13 error initialize     at ImportCommand.run (/Users/watsonmarkson/.config/yarn/global/node_modules/lerna/lib/Command.js:160:12)
13 error initialize     at Object.handler (/Users/watsonmarkson/.config/yarn/global/node_modules/lerna/lib/commands/ImportCommand.js:53:53)
13 error initialize     at Object.self.runCommand (/Users/watsonmarkson/.config/yarn/global/node_modules/yargs/lib/command.js:233:22)
13 error initialize     at Object.Yargs.self._parseArgs (/Users/watsonmarkson/.config/yarn/global/node_modules/yargs/yargs.js:990:30)
13 error initialize     at Object.Yargs.self.parse (/Users/watsonmarkson/.config/yarn/global/node_modules/yargs/yargs.js:532:23)
13 error initialize     at Object.<anonymous> (/Users/watsonmarkson/.config/yarn/global/node_modules/lerna/bin/lerna.js:4:25)
13 error initialize     at Module._compile (module.js:573:30)
13 error initialize  callback with error
13 error initialize  { Error: Local repository has un-committed changes
13 error initialize     at ImportCommand.initialize (/Users/watsonmarkson/.config/yarn/global/node_modules/lerna/lib/commands/ImportCommand.js:139:25)
13 error initialize     at ImportCommand._attempt (/Users/watsonmarkson/.config/yarn/global/node_modules/lerna/lib/Command.js:289:21)
13 error initialize     at ImportCommand.runCommand (/Users/watsonmarkson/.config/yarn/global/node_modules/lerna/lib/Command.js:275:12)
13 error initialize     at ImportCommand.run (/Users/watsonmarkson/.config/yarn/global/node_modules/lerna/lib/Command.js:160:12)
13 error initialize     at Object.handler (/Users/watsonmarkson/.config/yarn/global/node_modules/lerna/lib/commands/ImportCommand.js:53:53)
13 error initialize     at Object.self.runCommand (/Users/watsonmarkson/.config/yarn/global/node_modules/yargs/lib/command.js:233:22)
13 error initialize     at Object.Yargs.self._parseArgs (/Users/watsonmarkson/.config/yarn/global/node_modules/yargs/yargs.js:990:30)
13 error initialize     at Object.Yargs.self.parse (/Users/watsonmarkson/.config/yarn/global/node_modules/yargs/yargs.js:532:23)
13 error initialize     at Object.<anonymous> (/Users/watsonmarkson/.config/yarn/global/node_modules/lerna/bin/lerna.js:4:25)
13 error initialize     at Module._compile (module.js:573:30)
13 error initialize   stack: 'Error: Local repository has un-committed changes\n    at ImportCommand.initialize (/Users/watsonmarkson/.config/yarn/global/node_modules/lerna/lib/commands/ImportCommand.js:139:25)\n    at ImportCommand._attempt (/Users/watsonmarkson/.config/yarn/global/node_modules/lerna/lib/Command.js:289:21)\n    at ImportCommand.runCommand (/Users/watsonmarkson/.config/yarn/global/node_modules/lerna/lib/Command.js:275:12)\n    at ImportCommand.run (/Users/watsonmarkson/.config/yarn/global/node_modules/lerna/lib/Command.js:160:12)\n    at Object.handler (/Users/watsonmarkson/.config/yarn/global/node_modules/lerna/lib/commands/ImportCommand.js:53:53)\n    at Object.self.runCommand (/Users/watsonmarkson/.config/yarn/global/node_modules/yargs/lib/command.js:233:22)\n    at Object.Yargs.self._parseArgs (/Users/watsonmarkson/.config/yarn/global/node_modules/yargs/yargs.js:990:30)\n    at Object.Yargs.self.parse (/Users/watsonmarkson/.config/yarn/global/node_modules/yargs/yargs.js:532:23)\n    at Object.<anonymous> (/Users/watsonmarkson/.config/yarn/global/node_modules/lerna/bin/lerna.js:4:25)\n    at Module._compile (module.js:573:30)' }
